  map.cpp
C:\Users\thehe\OneDrive\BackGround\jusin\jusin2\220408\map.cpp(53,13): error C2065: 'CObj': 선언되지 않은 식별자입니다.
C:\Users\thehe\OneDrive\BackGround\jusin\jusin2\220408\map.cpp(53,18): error C2059: 구문 오류: '>'
C:\Users\thehe\OneDrive\BackGround\jusin\jusin2\220408\map.cpp(54,14): error C2065: 'list': 선언되지 않은 식별자입니다.
C:\Users\thehe\OneDrive\BackGround\jusin\jusin2\220408\map.cpp(54,19): error C2065: 'CObj': 선언되지 않은 식별자입니다.
C:\Users\thehe\OneDrive\BackGround\jusin\jusin2\220408\map.cpp(54,24): error C2059: 구문 오류: '>'
C:\Users\thehe\OneDrive\BackGround\jusin\jusin2\220408\map.cpp(54,24): error C2062: 예기치 않은 'unknown-type' 형식입니다.
C:\Users\thehe\OneDrive\BackGround\jusin\jusin2\220408\map.cpp(67,2): error C2065: 'MyPair': 선언되지 않은 식별자입니다.
C:\Users\thehe\OneDrive\BackGround\jusin\jusin2\220408\map.cpp(68,2): error C2065: 'MyPair': 선언되지 않은 식별자입니다.
C:\Users\thehe\OneDrive\BackGround\jusin\jusin2\220408\map.cpp(124,7): error C3892: 'MyMap': const인 변수에 할당할 수 없습니다.
C:\Users\thehe\OneDrive\BackGround\jusin\jusin2\220408\map.cpp(213,11): error C2892: 템플릿은 지역 클래스의 멤버일 수 없습니다.
C:\Users\thehe\OneDrive\BackGround\jusin\jusin2\220408\map.cpp(225,31): error C2664: 'std::_Tree_iterator<std::_Tree_val<std::_Tree_simple_types<std::pair<char *const ,int>>>> std::_Tree<std::_Tmap_traits<_Kty,_Ty,_Pr,_Alloc,false>>::insert(std::_Tree_const_iterator<std::_Tree_val<std::_Tree_simple_types<std::pair<char *const ,int>>>>,const std::pair<char *const ,int> &)': 인수 1을(를) 'initializer list'에서 'std::pair<char *const ,int> &&'(으)로 변환할 수 없습니다.
          with
          [
              _Kty=char *,
              _Ty=int,
              _Pr=std::less<char *>,
              _Alloc=std::allocator<std::pair<char *const ,int>>
          ]
C:\Users\thehe\OneDrive\BackGround\jusin\jusin2\220408\map.cpp(225,31): message : 원인: 'initializer list'에서 'std::pair<char *const ,int>'(으)로 변환할 수 없습니다.
C:\Users\thehe\OneDrive\BackGround\jusin\jusin2\220408\map.cpp(225,31): message : 소스 형식을 가져올 수 있는 생성자가 없거나 생성자 오버로드 확인이 모호합니다.
C:\Program Files (x86)\Microsoft Visual Studio\2019\Community\VC\Tools\MSVC\14.26.28801\include\xtree(1341,3): message : 'std::_Tree<std::_Tmap_traits<_Kty,_Ty,_Pr,_Alloc,false>>::insert' 선언을 참조하십시오.
          with
          [
              _Kty=char *,
              _Ty=int,
              _Pr=std::less<char *>,
              _Alloc=std::allocator<std::pair<char *const ,int>>
          ]
C:\Users\thehe\OneDrive\BackGround\jusin\jusin2\220408\map.cpp(226,31): error C2664: 'std::_Tree_iterator<std::_Tree_val<std::_Tree_simple_types<std::pair<char *const ,int>>>> std::_Tree<std::_Tmap_traits<_Kty,_Ty,_Pr,_Alloc,false>>::insert(std::_Tree_const_iterator<std::_Tree_val<std::_Tree_simple_types<std::pair<char *const ,int>>>>,const std::pair<char *const ,int> &)': 인수 1을(를) 'initializer list'에서 'std::pair<char *const ,int> &&'(으)로 변환할 수 없습니다.
          with
          [
              _Kty=char *,
              _Ty=int,
              _Pr=std::less<char *>,
              _Alloc=std::allocator<std::pair<char *const ,int>>
          ]
C:\Users\thehe\OneDrive\BackGround\jusin\jusin2\220408\map.cpp(226,31): message : 원인: 'initializer list'에서 'std::pair<char *const ,int>'(으)로 변환할 수 없습니다.
C:\Users\thehe\OneDrive\BackGround\jusin\jusin2\220408\map.cpp(226,31): message : 소스 형식을 가져올 수 있는 생성자가 없거나 생성자 오버로드 확인이 모호합니다.
C:\Program Files (x86)\Microsoft Visual Studio\2019\Community\VC\Tools\MSVC\14.26.28801\include\xtree(1341,3): message : 'std::_Tree<std::_Tmap_traits<_Kty,_Ty,_Pr,_Alloc,false>>::insert' 선언을 참조하십시오.
          with
          [
              _Kty=char *,
              _Ty=int,
              _Pr=std::less<char *>,
              _Alloc=std::allocator<std::pair<char *const ,int>>
          ]
C:\Users\thehe\OneDrive\BackGround\jusin\jusin2\220408\map.cpp(227,31): error C2664: 'std::_Tree_iterator<std::_Tree_val<std::_Tree_simple_types<std::pair<char *const ,int>>>> std::_Tree<std::_Tmap_traits<_Kty,_Ty,_Pr,_Alloc,false>>::insert(std::_Tree_const_iterator<std::_Tree_val<std::_Tree_simple_types<std::pair<char *const ,int>>>>,const std::pair<char *const ,int> &)': 인수 1을(를) 'initializer list'에서 'std::pair<char *const ,int> &&'(으)로 변환할 수 없습니다.
          with
          [
              _Kty=char *,
              _Ty=int,
              _Pr=std::less<char *>,
              _Alloc=std::allocator<std::pair<char *const ,int>>
          ]
C:\Users\thehe\OneDrive\BackGround\jusin\jusin2\220408\map.cpp(227,31): message : 원인: 'initializer list'에서 'std::pair<char *const ,int>'(으)로 변환할 수 없습니다.
C:\Users\thehe\OneDrive\BackGround\jusin\jusin2\220408\map.cpp(227,31): message : 소스 형식을 가져올 수 있는 생성자가 없거나 생성자 오버로드 확인이 모호합니다.
C:\Program Files (x86)\Microsoft Visual Studio\2019\Community\VC\Tools\MSVC\14.26.28801\include\xtree(1341,3): message : 'std::_Tree<std::_Tmap_traits<_Kty,_Ty,_Pr,_Alloc,false>>::insert' 선언을 참조하십시오.
          with
          [
              _Kty=char *,
              _Ty=int,
              _Pr=std::less<char *>,
              _Alloc=std::allocator<std::pair<char *const ,int>>
          ]
C:\Users\thehe\OneDrive\BackGround\jusin\jusin2\220408\map.cpp(229,29): error C2371: 'iter': 재정의. 기본 형식이 다릅니다.
C:\Users\thehe\OneDrive\BackGround\jusin\jusin2\220408\map.cpp(164): message : 'iter' 선언을 참조하십시오.
C:\Users\thehe\OneDrive\BackGround\jusin\jusin2\220408\map.cpp(231,52): error C2446: '!=': 'std::_Tree_iterator<std::_Tree_val<std::_Tree_simple_types<std::pair<char *const ,int>>>>'에서 'std::_Tree_iterator<std::_Tree_val<std::_Tree_simple_types<std::pair<const int,int>>>>'(으)로 변환되지 않았습니다.
C:\Users\thehe\OneDrive\BackGround\jusin\jusin2\220408\map.cpp(231,50): message : 이 변환을 수행할 수 있는 사용 가능한 사용자 정의 변환 연산자가 없거나 연산자를 호출할 수 없습니다.
C:\Users\thehe\OneDrive\BackGround\jusin\jusin2\220408\map.cpp(231,54): error C2088: '++': class에 맞지 않습니다.
C:\Users\thehe\OneDrive\BackGround\jusin\jusin2\220408\map.cpp(232,23): error C2039: 'first': 'std::_Tree_iterator<std::_Tree_val<std::_Tree_simple_types<std::pair<const int,int>>>>'의 멤버가 아닙니다.
C:\Program Files (x86)\Microsoft Visual Studio\2019\Community\VC\Tools\MSVC\14.26.28801\include\xtree(868): message : 'std::_Tree_iterator<std::_Tree_val<std::_Tree_simple_types<std::pair<const int,int>>>>' 선언을 참조하십시오.
C:\Users\thehe\OneDrive\BackGround\jusin\jusin2\220408\map.cpp(232,47): error C2039: 'second': 'std::_Tree_iterator<std::_Tree_val<std::_Tree_simple_types<std::pair<const int,int>>>>'의 멤버가 아닙니다.
C:\Program Files (x86)\Microsoft Visual Studio\2019\Community\VC\Tools\MSVC\14.26.28801\include\xtree(868): message : 'std::_Tree_iterator<std::_Tree_val<std::_Tree_simple_types<std::pair<const int,int>>>>' 선언을 참조하십시오.
C:\Users\thehe\OneDrive\BackGround\jusin\jusin2\220408\map.cpp(236,66): error C2440: '<function-style-cast>': 'const char [4]'에서 'main::CTag_Finder'(으)로 변환할 수 없습니다.
C:\Users\thehe\OneDrive\BackGround\jusin\jusin2\220408\map.cpp(236,66): message : 소스 형식을 가져올 수 있는 생성자가 없거나 생성자 오버로드 확인이 모호합니다.
